#
# There is insufficient memory for the Java Runtime Environment to continue.
# Native memory allocation (mmap) failed to map 268435456 bytes. Error detail: G1 virtual space
# Possible reasons:
#   The system is out of physical RAM or swap space
#   This process is running with CompressedOops enabled, and the Java Heap may be blocking the growth of the native heap
# Possible solutions:
#   Reduce memory load on the system
#   Increase physical memory or swap space
#   Check if swap backing store is full
#   Decrease Java heap size (-Xmx/-Xms)
#   Decrease number of Java threads
#   Decrease Java thread stack sizes (-Xss)
#   Set larger code cache with -XX:ReservedCodeCacheSize=
#   JVM is running with Zero Based Compressed Oops mode in which the Java heap is
#     placed in the first 32GB address space. The Java Heap base address is the
#     maximum limit for the native heap growth. Please use -XX:HeapBaseMinAddress
#     to set the Java Heap base and to place the Java Heap above 32GB virtual address.
# This output file may be truncated or incomplete.
#
#  Out of Memory Error (os_windows.cpp:3925), pid=10076, tid=7040
#
# JRE version:  (21.0.8) (build )
# Java VM: OpenJDK 64-Bit Server VM (21.0.8+-14196175-b1038.72, mixed mode, sharing, tiered, compressed oops, compressed class ptrs, g1 gc, windows-amd64)
# No core dump will be written. Minidumps are not enabled by default on client versions of Windows
#

---------------  S U M M A R Y ------------

Command Line: git4idea.http.GitAskPassApp Username for 'https://github.com': 

Host: Intel(R) Xeon(R) Platinum 8272CL CPU @ 2.60GHz, 4 cores, 15G,  Windows 11 , 64 bit Build 26100 (10.0.26100.4768)
Time: Mon Feb  2 09:45:22 2026 Coordinated Universal Time elapsed time: 0.051607 seconds (0d 0h 0m 0s)

---------------  T H R E A D  ---------------

Current thread (0x00000193dc5198f0):  JavaThread "Unknown thread" [_thread_in_vm, id=7040, stack(0x0000007a02500000,0x0000007a02600000) (1024K)]

Stack: [0x0000007a02500000,0x0000007a02600000]
Native frames: (J=compiled Java code, j=interpreted, Vv=VM code, C=native code)
V  [jvm.dll+0x6d68d9]
V  [jvm.dll+0x866693]
V  [jvm.dll+0x868c4e]
V  [jvm.dll+0x869333]
V  [jvm.dll+0x280566]
V  [jvm.dll+0x6d3195]
V  [jvm.dll+0x6c69ea]
V  [jvm.dll+0x3586db]
V  [jvm.dll+0x360336]
V  [jvm.dll+0x3b23f6]
V  [jvm.dll+0x3b26c8]
V  [jvm.dll+0x32ae6c]
V  [jvm.dll+0x32bb5b]
V  [jvm.dll+0x82e109]
V  [jvm.dll+0x3bf5c8]
V  [jvm.dll+0x817388]
V  [jvm.dll+0x453b6e]
V  [jvm.dll+0x4552d1]
C  [jli.dll+0x52ab]
C  [ucrtbase.dll+0x37b0]
C  [KERNEL32.DLL+0x2e8d7]
C  [ntdll.dll+0x3c34c]


---------------  P R O C E S S  ---------------

Threads class SMR info:
_java_thread_list=0x00007ff80bc5b988, length=0, elements={
}

Java Threads: ( => current thread )
Total: 0

Other Threads:
  0x00000193dc57fed0 WorkerThread "GC Thread#0"                     [id=5192, stack(0x0000007a02600000,0x0000007a02700000) (1024K)]
  0x00000193dc591010 ConcurrentGCThread "G1 Main Marker"            [id=9660, stack(0x0000007a02700000,0x0000007a02800000) (1024K)]
  0x00000193dc593aa0 WorkerThread "G1 Conc#0"                       [id=3396, stack(0x0000007a02800000,0x0000007a02900000) (1024K)]

[error occurred during error reporting (printing all threads), id 0xc0000005, EXCEPTION_ACCESS_VIOLATION (0xc0000005) at pc=0x00007ff80b44ddd7]
VM state: not at safepoint (not fully initialized)

VM Mutex/Monitor currently owned by a thread:  ([mutex/lock_event])
[0x00007ff80bcc86b8] Heap_lock - owner thread: 0x00000193dc5198f0

Heap address: 0x0000000700000000, size: 4096 MB, Compressed Oops mode: Zero based, Oop shift amount: 3

CDS archive(s) mapped at: [0x0000000000000000-0x0000000000000000-0x0000000000000000), size 0, SharedBaseAddress: 0x0000000800000000, ArchiveRelocationMode: 1.
Narrow klass base: 0x0000000000000000, Narrow klass shift: 0, Narrow klass range: 0x0

GC Precious Log:
 CardTable entry size: 512
 Card Set container configuration: InlinePtr #cards 4 size 8 Array Of Cards #cards 16 size 48 Howl #buckets 8 coarsen threshold 3686 Howl Bitmap #cards 512 size 80 coarsen threshold 460 Card regions per heap region 1 cards per card region 4096

Heap:
 garbage-first heap   total 0K, used 0K [0x0000000700000000, 0x0000000800000000)
  region size 2048K, 0 young (0K), 0 survivors (0K)
 Metaspace       used 0K, committed 0K, reserved 0K
  class space    used 0K, committed 0K, reserved 0K

Heap Regions: E=young(eden), S=young(survivor), O=old, HS=humongous(starts), HC=humongous(continues), CS=collection set, F=free, TAMS=top-at-mark-start, PB=parsable bottom

Card table byte_map: [0x00000193eee70000,0x00000193ef670000] _byte_map_base: 0x00000193eb670000

Marking Bits: (CMBitMap*) 0x00000193dc5805d0
 Bits: [0x00000193ef670000, 0x00000193f3670000)

GC Heap History (0 events):
No events

Dll operation events (1 events):
Event: 0.010 Loaded shared library C:\Program Files\Android\Android Studio\jbr\bin\java.dll

Deoptimization events (0 events):
No events

Classes loaded (0 events):
No events

Classes unloaded (0 events):
No events

Classes redefined (0 events):
No events

Internal exceptions (0 events):
No events

ZGC Phase Switch (0 events):
No events

VM Operations (0 events):
No events

Memory protections (0 events):
No events

Nmethod flushes (0 events):
No events

Events (0 events):
No events


Dynamic libraries:
0x00007ff6323e0000 - 0x00007ff6323ea000 	C:\Program Files\Android\Android Studio\jbr\bin\java.exe
0x00007ff88ba00000 - 0x00007ff88bc67000 	C:\Windows\SYSTEM32\ntdll.dll
0x00007ff88a5c0000 - 0x00007ff88a689000 	C:\Windows\System32\KERNEL32.DLL
0x00007ff888d40000 - 0x00007ff889130000 	C:\Windows\System32\KERNELBASE.dll
0x00007ff889200000 - 0x00007ff88934b000 	C:\Windows\System32\ucrtbase.dll
0x00007ff87dc60000 - 0x00007ff87dc7b000 	C:\Program Files\Android\Android Studio\jbr\bin\VCRUNTIME140.dll
0x00007ff868430000 - 0x00007ff868448000 	C:\Program Files\Android\Android Studio\jbr\bin\jli.dll
0x00007ff88af40000 - 0x00007ff88b105000 	C:\Windows\System32\USER32.dll
0x00007ff889760000 - 0x00007ff889787000 	C:\Windows\System32\win32u.dll
0x00007ff867570000 - 0x00007ff86780a000 	C:\Windows\WinSxS\amd64_microsoft.windows.common-controls_6595b64144ccf1df_6.0.26100.4768_none_3e0c112ce331287c\COMCTL32.dll
0x00007ff88b950000 - 0x00007ff88b97b000 	C:\Windows\System32\GDI32.dll
0x00007ff889860000 - 0x00007ff889909000 	C:\Windows\System32\msvcrt.dll
0x00007ff889350000 - 0x00007ff889488000 	C:\Windows\System32\gdi32full.dll
0x00007ff8896b0000 - 0x00007ff889753000 	C:\Windows\System32\msvcp_win.dll
0x00007ff889ea0000 - 0x00007ff889ecf000 	C:\Windows\System32\IMM32.DLL
0x00007ff87dc80000 - 0x00007ff87dc8c000 	C:\Program Files\Android\Android Studio\jbr\bin\vcruntime140_1.dll
0x00007ff8644c0000 - 0x00007ff86454d000 	C:\Program Files\Android\Android Studio\jbr\bin\msvcp140.dll
0x00007ff80b110000 - 0x00007ff80bda6000 	C:\Program Files\Android\Android Studio\jbr\bin\server\jvm.dll
0x00007ff88a8d0000 - 0x00007ff88a984000 	C:\Windows\System32\ADVAPI32.dll
0x00007ff88ae90000 - 0x00007ff88af36000 	C:\Windows\System32\sechost.dll
0x00007ff889ee0000 - 0x00007ff889ff8000 	C:\Windows\System32\RPCRT4.dll
0x00007ff88a520000 - 0x00007ff88a594000 	C:\Windows\System32\WS2_32.dll
0x00007ff87de00000 - 0x00007ff87de35000 	C:\Windows\SYSTEM32\WINMM.dll
0x00007ff880450000 - 0x00007ff88045b000 	C:\Windows\SYSTEM32\VERSION.dll
0x00007ff888990000 - 0x00007ff8889ee000 	C:\Windows\SYSTEM32\POWRPROF.dll
0x00007ff888970000 - 0x00007ff888984000 	C:\Windows\SYSTEM32\UMPDC.dll
0x00007ff8878b0000 - 0x00007ff8878cb000 	C:\Windows\SYSTEM32\kernel.appcore.dll
0x00007ff87dc50000 - 0x00007ff87dc5a000 	C:\Program Files\Android\Android Studio\jbr\bin\jimage.dll
0x00007ff87e450000 - 0x00007ff87e691000 	C:\Windows\SYSTEM32\DBGHELP.DLL
0x00007ff88a0e0000 - 0x00007ff88a465000 	C:\Windows\System32\combase.dll
0x00007ff88b110000 - 0x00007ff88b1f0000 	C:\Windows\System32\OLEAUT32.dll
0x00007ff880460000 - 0x00007ff8804a3000 	C:\Windows\SYSTEM32\dbgcore.DLL
0x00007ff889490000 - 0x00007ff889529000 	C:\Windows\System32\bcryptPrimitives.dll
0x00007ff8704b0000 - 0x00007ff8704d0000 	C:\Program Files\Android\Android Studio\jbr\bin\java.dll

JVMTI agents: none

dbghelp: loaded successfully - version: 4.0.5 - missing functions: none
symbol engine: initialized successfully - sym options: 0x614 - pdb path: .;C:\Program Files\Android\Android Studio\jbr\bin;C:\Windows\SYSTEM32;C:\Windows\WinSxS\amd64_microsoft.windows.common-controls_6595b64144ccf1df_6.0.26100.4768_none_3e0c112ce331287c;C:\Program Files\Android\Android Studio\jbr\bin\server

VM Arguments:
java_command: git4idea.http.GitAskPassApp Username for 'https://github.com': 
java_class_path (initial): C:/Program Files/Android/Android Studio/plugins/vcs-git/lib/git4idea-rt.jar;C:/Program Files/Android/Android Studio/lib/externalProcess-rt.jar
Launcher Type: SUN_STANDARD

[Global flags]
     intx CICompilerCount                          = 3                                         {product} {ergonomic}
     uint ConcGCThreads                            = 1                                         {product} {ergonomic}
     uint G1ConcRefinementThreads                  = 4                                         {product} {ergonomic}
   size_t G1HeapRegionSize                         = 2097152                                   {product} {ergonomic}
    uintx GCDrainStackTargetSize                   = 64                                        {product} {ergonomic}
   size_t InitialHeapSize                          = 268435456                                 {product} {ergonomic}
   size_t MarkStackSize                            = 4194304                                   {product} {ergonomic}
   size_t MaxHeapSize                              = 4294967296                                {product} {ergonomic}
   size_t MinHeapDeltaBytes                        = 2097152                                   {product} {ergonomic}
   size_t MinHeapSize                              = 8388608                                   {product} {ergonomic}
    uintx NonNMethodCodeHeapSize                   = 5832780                                {pd product} {ergonomic}
    uintx NonProfiledCodeHeapSize                  = 122912730                              {pd product} {ergonomic}
    uintx ProfiledCodeHeapSize                     = 122912730                              {pd product} {ergonomic}
    uintx ReservedCodeCacheSize                    = 251658240                              {pd product} {ergonomic}
     bool SegmentedCodeCache                       = true                                      {product} {ergonomic}
   size_t SoftMaxHeapSize                          = 4294967296                             {manageable} {ergonomic}
     bool UseCompressedOops                        = true                           {product lp64_product} {ergonomic}
     bool UseG1GC                                  = true                                      {product} {ergonomic}
     bool UseLargePagesIndividualAllocation        = false                                  {pd product} {ergonomic}

Logging:
Log output configuration:
 #0: stdout all=warning uptime,level,tags foldmultilines=false
 #1: stderr all=off uptime,level,tags foldmultilines=false

Environment Variables:
PATH=C:\Program Files\Git\mingw64\libexec\git-core;C:\Program Files\Git\mingw64\libexec\git-core;C:\Program Files\Git\mingw64\bin;C:\Program Files\Git\usr\bin;C:\Users\Student\bin;C:\Program Files\Common Files\Oracle\Java\javapath;C:\Windows\system32;C:\Windows;C:\Windows\System32\Wbem;C:\Windows\System32\WindowsPowerShell\v1.0;C:\Windows\System32\OpenSSH;C:\Program Files (x86)\Microsoft SQL Server\160\Tools\Binn;C:\Program Files\Microsoft SQL Server\160\Tools\Binn;C:\Program Files\Microsoft SQL Server\Client SDK\ODBC\170\Tools\Binn;C:\Program Files\Microsoft SQL Server\160\DTS\Binn;C:\Users\Student\AppData\Local\Microsoft\WindowsApps
USERNAME=Student
DISPLAY=:0.0
LC_ALL=en_US.UTF-8
TERM=xterm-256color
TMPDIR=C:\Users\Student\AppData\Local\Temp
OS=Windows_NT
PROCESSOR_IDENTIFIER=Intel64 Family 6 Model 85 Stepping 7, GenuineIntel
TMP=C:\Users\Student\AppData\Local\Temp
TEMP=C:\Users\Student\AppData\Local\Temp




Periodic native trim disabled

JNI global refs:
JNI global refs: 0, weak refs: 0

JNI global refs memory usage: 0, weak refs: 0

Process memory usage:
Resident Set Size: 12708K (0% of 16776068K total physical memory with 9750772K free physical memory)

OOME stack traces (most recent first):
Classloader memory used:

---------------  S Y S T E M  ---------------

OS:
 Windows 11 , 64 bit Build 26100 (10.0.26100.4768)
OS uptime: 0 days 1:33 hours
Hyper-V virtualization detected

CPU: total 4 (initial active 4) (2 cores per cpu, 2 threads per core) family 6 model 85 stepping 7 microcode 0xffffffff, cx8, cmov, fxsr, ht, mmx, 3dnowpref, sse, sse2, sse3, ssse3, sse4.1, sse4.2, popcnt, lzcnt, tsc, avx, avx2, aes, erms, clmul, bmi1, bmi2, rtm, adx, avx512f, avx512dq, avx512cd, avx512bw, avx512vl, fma, vzeroupper, avx512_vnni, clflush, clflushopt, clwb, hv, rdtscp, f16c
Processor Information for the first 4 processors :
  Max Mhz: 2594, Current Mhz: 2594, Mhz Limit: 2594

Memory: 4k page, system-wide physical 16382M (9522M free)
TotalPageFile size 49079M (AvailPageFile size 118M)
current process WorkingSet (physical memory assigned to process): 12M, peak: 12M
current process commit charge ("private bytes"): 52M, peak: 308M

vm_info: OpenJDK 64-Bit Server VM (21.0.8+-14196175-b1038.72) for windows-amd64 JRE (21.0.8+-14196175-b1038.72), built on 2025-10-01T10:24:33Z by "builder" with MS VC++ 16.10 / 16.11 (VS2019)

END.
